2019-03-07T03:50:12.761Z - normal: Load ~/.CocosCreator/settings.json
2019-03-07T03:50:12.766Z - normal: checking language setting...
2019-03-07T03:50:12.766Z - normal: Language: zh
2019-03-07T03:50:13.334Z - success: protocol editor-framework registered
2019-03-07T03:50:13.334Z - success: protocol app registered
2019-03-07T03:50:13.334Z - success: protocol theme registered
2019-03-07T03:50:13.334Z - success: protocol packages registered
2019-03-07T03:50:13.335Z - success: protocol unpack registerred
2019-03-07T03:50:13.336Z - success: protocol disable-commonjs registerred
2019-03-07T03:50:13.548Z - normal: connected!
2019-03-07T03:50:13.550Z - normal: Check project /Users/mac/ExtremeEvasion
2019-03-07T03:50:13.551Z - normal: Initializing Cocos2d
2019-03-07T03:50:13.724Z - normal: Initializing Asset Database
2019-03-07T03:50:13.749Z - success: protocol uuid registerred
2019-03-07T03:50:13.749Z - success: protocol db registerred
2019-03-07T03:50:13.749Z - success: protocol thumbnail registerred
2019-03-07T03:50:13.750Z - normal: Loading editor/builtin packages
2019-03-07T03:50:13.764Z - success: anysdk loaded
2019-03-07T03:50:13.854Z - success: assets loaded
2019-03-07T03:50:13.858Z - success: builder loaded
2019-03-07T03:50:13.859Z - success: cocos-analytics loaded
2019-03-07T03:50:13.863Z - success: console loaded
2019-03-07T03:50:13.895Z - success: fb-instant-games loaded
2019-03-07T03:50:13.900Z - success: hierarchy loaded
2019-03-07T03:50:13.904Z - success: inspector loaded
2019-03-07T03:50:13.906Z - success: keystore loaded
2019-03-07T03:50:13.910Z - success: node-library loaded
2019-03-07T03:50:13.912Z - success: package-asset loaded
2019-03-07T03:50:13.914Z - success: preferences loaded
2019-03-07T03:50:13.917Z - success: project-exporter loaded
2019-03-07T03:50:13.934Z - success: project-importer loaded
2019-03-07T03:50:13.938Z - success: project-settings loaded
2019-03-07T03:50:13.942Z - success: ui-kit loaded
2019-03-07T03:50:13.947Z - success: ui-grid loaded
2019-03-07T03:50:13.952Z - success: scene loaded
2019-03-07T03:50:13.954Z - success: sprite-editor loaded
2019-03-07T03:50:13.958Z - success: store loaded
2019-03-07T03:50:13.964Z - success: timeline loaded
2019-03-07T03:50:13.965Z - normal: Loading builtin packages
2019-03-07T03:50:13.969Z - success: asset-db-debugger loaded
2019-03-07T03:50:13.969Z - success: color-picker loaded
2019-03-07T03:50:13.973Z - success: package-manager loaded
2019-03-07T03:50:13.974Z - success: qqplay-adapter loaded
2019-03-07T03:50:13.980Z - success: sdkbox loaded
2019-03-07T03:50:13.984Z - success: tester loaded
2019-03-07T03:50:13.987Z - success: ui-kit-preview-extra loaded
2019-03-07T03:50:13.990Z - success: ui-kit-preview loaded
2019-03-07T03:50:13.992Z - success: ui-tree loaded
2019-03-07T03:50:13.993Z - success: weapp-adapter loaded
2019-03-07T03:50:14.740Z - normal: Initializing project /Users/mac/ExtremeEvasion
2019-03-07T03:50:14.743Z - normal: Loading packages
2019-03-07T03:50:14.754Z - success: plugin-matchvs loaded
2019-03-07T03:50:14.755Z - normal: Watching packages
2019-03-07T03:50:14.846Z - normal: Run Application
2019-03-07T03:50:15.602Z - success: preview server running at http://localhost:7456
2019-03-07T03:50:21.257Z - normal: 1.9.3
